<?xml version="1.0" encoding="UTF-8"?>
<testng-results skipped="0" failed="0" total="1" passed="1">
  <reporter-output>
  </reporter-output>
  <suite name="Suite" duration-ms="12286" started-at="2018-11-05T06:03:34Z" finished-at="2018-11-05T06:03:46Z">
    <groups>
    </groups>
    <test name="Test" duration-ms="12286" started-at="2018-11-05T06:03:34Z" finished-at="2018-11-05T06:03:46Z">
      <class name="com.Annotation2">
        <test-method status="PASS" signature="Test1()[pri:0, instance:com.Annotation2@24273305]" name="Test1" duration-ms="12278" started-at="2018-11-05T11:33:34Z" finished-at="2018-11-05T11:33:46Z">
          <reporter-output>
          </reporter-output>
        </test-method> <!-- Test1 -->
      </class> <!-- com.Annotation2 -->
    </test> <!-- Test -->
  </suite> <!-- Suite -->
</testng-results>
